<?xml version="1.0" encoding="UTF-8"?>
<!-- Generated by org.testng.reporters.JUnitXMLReporter -->
<testsuite ignored="1" hostname="SanthoshTyada" failures="1" tests="1" name="Dmart2023" time="13.528" errors="0" timestamp="2023-09-13T23:08:03 IST">
  <testcase classname="testclasses.CareerTest" name="verifyFunctionsOfWindowHandle" time="4.242">
    <failure type="java.lang.AssertionError" message="The following asserts failed:
	expected [Career Opportunities: Sign In] but found [true]">
      <![CDATA[java.lang.AssertionError: The following asserts failed:
expected [Career Opportunities: Sign In] but found [true]
at testclasses.CareerTest.verifyFunctionsOfWindowHandle(CareerTest.java:28)
at java.base/java.util.ArrayList.forEach(ArrayList.java:1541)
at com.intellij.rt.testng.IDEARemoteTestNG.run(IDEARemoteTestNG.java:66)
at com.intellij.rt.testng.RemoteTestNGStarter.main(RemoteTestNGStarter.java:105)
... Removed 26 stack frames]]>
    </failure>
  </testcase> <!-- verifyFunctionsOfWindowHandle -->
  <testcase classname="testclasses.CareerTest" name="verifyDropDown" time="0.0">
    <ignored/>
  </testcase> <!-- verifyDropDown -->
</testsuite> <!-- Dmart2023 -->
